<?xml version="1.0" encoding="UTF-8"?>
<coverage generated="1619446959161" clover="3.2.0">
  <project timestamp="1619446959161" name="All files">
    <metrics statements="23" coveredstatements="16" conditionals="4" coveredconditionals="2" methods="8" coveredmethods="5" elements="35" coveredelements="23" complexity="0" loc="23" ncloc="23" packages="2" files="2" classes="2"/>
    <package name="button">
      <metrics statements="7" coveredstatements="7" conditionals="2" coveredconditionals="2" methods="2" coveredmethods="2"/>
      <file name="index.vue" path="/Users/gneyhabub/Documents/GitHub/project-les-frais/src/components/button/index.vue">
        <metrics statements="7" coveredstatements="7" conditionals="2" coveredconditionals="2" methods="2" coveredmethods="2"/>
        <line num="23" count="1" type="stmt"/>
        <line num="24" count="1" type="stmt"/>
        <line num="26" count="1" type="stmt"/>
        <line num="40" count="4" type="cond" truecount="2" falsecount="0"/>
        <line num="42" count="4" type="stmt"/>
        <line num="43" count="1" type="stmt"/>
        <line num="46" count="4" type="stmt"/>
      </file>
    </package>
    <package name="form">
      <metrics statements="16" coveredstatements="9" conditionals="2" coveredconditionals="0" methods="6" coveredmethods="3"/>
      <file name="form-input.vue" path="/Users/gneyhabub/Documents/GitHub/project-les-frais/src/components/form/form-input.vue">
        <metrics statements="16" coveredstatements="9" conditionals="2" coveredconditionals="0" methods="6" coveredmethods="3"/>
        <line num="52" count="1" type="stmt"/>
        <line num="53" count="1" type="stmt"/>
        <line num="57" count="1" type="stmt"/>
        <line num="59" count="1" type="stmt"/>
        <line num="133" count="3" type="stmt"/>
        <line num="138" count="3" type="stmt"/>
        <line num="140" count="3" type="stmt"/>
        <line num="141" count="0" type="stmt"/>
        <line num="144" count="3" type="stmt"/>
        <line num="145" count="0" type="cond" truecount="0" falsecount="2"/>
        <line num="146" count="0" type="stmt"/>
        <line num="147" count="0" type="stmt"/>
        <line num="148" count="0" type="stmt"/>
        <line num="152" count="0" type="stmt"/>
        <line num="153" count="0" type="stmt"/>
        <line num="156" count="3" type="stmt"/>
      </file>
    </package>
  </project>
</coverage>
