{"/Users/gneyhabub/Documents/GitHub/project-les-frais/src/components/button/index.vue": {"path":"/Users/gneyhabub/Documents/GitHub/project-les-frais/src/components/button/index.vue","statementMap":{"0":{"start":{"line":23,"column":0},"end":{"line":23,"column":null}},"1":{"start":{"line":24,"column":0},"end":{"line":24,"column":null}},"2":{"start":{"line":26,"column":0},"end":{"line":26,"column":15}},"3":{"start":{"line":40,"column":21},"end":{"line":40,"column":25}},"4":{"start":{"line":42,"column":16},"end":{"line":44,"column":null}},"5":{"start":{"line":43,"column":6},"end":{"line":43,"column":13}},"6":{"start":{"line":46,"column":4},"end":{"line":46,"column":11}}},"fnMap":{"0":{"name":"(anonymous_0)","decl":{"start":{"line":39,"column":2},"end":{"line":39,"column":7}},"loc":{"start":{"line":39,"column":23},"end":{"line":50,"column":null}}},"1":{"name":"(anonymous_1)","decl":{"start":{"line":42,"column":16},"end":{"line":42,"column":17}},"loc":{"start":{"line":42,"column":25},"end":{"line":44,"column":null}}}},"branchMap":{"0":{"loc":{"start":{"line":40,"column":25},"end":{"line":40,"column":52}},"type":"binary-expr","locations":[{"start":{"line":40,"column":25},"end":{"line":40,"column":52}},{"start":{"line":40,"column":52},"end":{"line":40,"column":null}}]}},"s":{"0":1,"1":1,"2":1,"3":4,"4":4,"5":1,"6":4},"f":{"0":4,"1":1},"b":{"0":[4,4]}}
,"/Users/gneyhabub/Documents/GitHub/project-les-frais/src/components/form/form-input.vue": {"path":"/Users/gneyhabub/Documents/GitHub/project-les-frais/src/components/form/form-input.vue","statementMap":{"0":{"start":{"line":52,"column":0},"end":{"line":52,"column":null}},"1":{"start":{"line":53,"column":0},"end":{"line":53,"column":null}},"2":{"start":{"line":57,"column":19},"end":{"line":57,"column":null}},"3":{"start":{"line":59,"column":0},"end":{"line":59,"column":15}},"4":{"start":{"line":133,"column":21},"end":{"line":133,"column":25}},"5":{"start":{"line":138,"column":16},"end":{"line":138,"column":20}},"6":{"start":{"line":140,"column":4},"end":{"line":140,"column":17}},"7":{"start":{"line":140,"column":23},"end":{"line":140,"column":28}},"8":{"start":{"line":141,"column":6},"end":{"line":141,"column":9}},"9":{"start":{"line":144,"column":18},"end":{"line":154,"column":null}},"10":{"start":{"line":145,"column":6},"end":{"line":150,"column":null}},"11":{"start":{"line":146,"column":8},"end":{"line":146,"column":20}},"12":{"start":{"line":147,"column":8},"end":{"line":147,"column":15}},"13":{"start":{"line":148,"column":10},"end":{"line":148,"column":17}},"14":{"start":{"line":152,"column":6},"end":{"line":152,"column":13}},"15":{"start":{"line":153,"column":6},"end":{"line":153,"column":13}},"16":{"start":{"line":156,"column":4},"end":{"line":156,"column":11}}},"fnMap":{"0":{"name":"(anonymous_0)","decl":{"start":{"line":133,"column":15},"end":{"line":133,"column":21}},"loc":{"start":{"line":133,"column":15},"end":{"line":133,"column":null}}},"1":{"name":"(anonymous_1)","decl":{"start":{"line":137,"column":7},"end":{"line":137,"column":9}},"loc":{"start":{"line":137,"column":23},"end":{"line":160,"column":null}}},"2":{"name":"(anonymous_2)","decl":{"start":{"line":140,"column":17},"end":{"line":140,"column":23}},"loc":{"start":{"line":140,"column":17},"end":{"line":140,"column":37}}},"3":{"name":"(anonymous_3)","decl":{"start":{"line":140,"column":37},"end":{"line":140,"column":38}},"loc":{"start":{"line":140,"column":44},"end":{"line":142,"column":null}}},"4":{"name":"(anonymous_4)","decl":{"start":{"line":144,"column":18},"end":{"line":144,"column":null}},"loc":{"start":{"line":144,"column":18},"end":{"line":154,"column":null}}},"5":{"name":"(anonymous_5)","decl":{"start":{"line":147,"column":29},"end":{"line":147,"column":null}},"loc":{"start":{"line":147,"column":29},"end":{"line":149,"column":11}}}},"branchMap":{"0":{"loc":{"start":{"line":145,"column":6},"end":{"line":150,"column":null}},"type":"if","locations":[{"start":{"line":145,"column":6},"end":{"line":150,"column":null}},{"start":{"line":145,"column":6},"end":{"line":150,"column":null}}]}},"s":{"0":1,"1":1,"2":1,"3":1,"4":3,"5":3,"6":3,"7":3,"8":0,"9":3,"10":0,"11":0,"12":0,"13":0,"14":0,"15":0,"16":3},"f":{"0":3,"1":3,"2":3,"3":0,"4":0,"5":0},"b":{"0":[0,0]}}
}
