TN:
SF:src/components/button/index.vue
FN:39,(anonymous_0)
FN:42,(anonymous_1)
FNF:2
FNH:2
FNDA:4,(anonymous_0)
FNDA:1,(anonymous_1)
DA:23,1
DA:24,1
DA:26,1
DA:40,4
DA:42,4
DA:43,1
DA:46,4
LF:7
LH:7
BRDA:40,0,0,4
BRDA:40,0,1,4
BRF:2
BRH:2
end_of_record
TN:
SF:src/components/form/form-input.vue
FN:133,(anonymous_0)
FN:137,(anonymous_1)
FN:140,(anonymous_2)
FN:140,(anonymous_3)
FN:144,(anonymous_4)
FN:147,(anonymous_5)
FNF:6
FNH:3
FNDA:3,(anonymous_0)
FNDA:3,(anonymous_1)
FNDA:3,(anonymous_2)
FNDA:0,(anonymous_3)
FNDA:0,(anonymous_4)
FNDA:0,(anonymous_5)
DA:52,1
DA:53,1
DA:57,1
DA:59,1
DA:133,3
DA:138,3
DA:140,3
DA:141,0
DA:144,3
DA:145,0
DA:146,0
DA:147,0
DA:148,0
DA:152,0
DA:153,0
DA:156,3
LF:16
LH:9
BRDA:145,0,0,0
BRDA:145,0,1,0
BRF:2
BRH:0
end_of_record
